2025-10-30 05:39:14,829Z INFO Trading run started for 6 assets
2025-10-30 05:39:35,012Z INFO Skipping Twelve Data fetches for NVDA: market closed (outside_hours)
2025-10-30 05:40:10,116Z INFO Trading run completed in 55.3 seconds
2025-10-30 05:40:10,283Z INFO Pipeline warnings=0 client_errors=0 ratio=0.000
2025-10-30 07:47:18,610Z INFO Trading run started for 6 assets
2025-10-30 07:47:18,612Z INFO Skipping Twelve Data fetches for NVDA: market closed (outside_hours)
2025-10-30 07:47:38,582Z INFO Trading run completed in 20.0 seconds
2025-10-30 07:47:38,583Z INFO Pipeline warnings=1 client_errors=0 ratio=0.000
2025-10-30 07:53:59,392Z INFO Trading run started for 6 assets
2025-10-30 07:53:59,395Z INFO Skipping Twelve Data fetches for NVDA: market closed (outside_hours)
2025-10-30 07:54:19,233Z INFO Trading run completed in 19.8 seconds
2025-10-30 07:54:19,235Z INFO Pipeline warnings=2 client_errors=0 ratio=0.000
2025-10-30 08:01:52,919Z INFO Trading run started for 6 assets
2025-10-30 08:01:52,921Z INFO Skipping Twelve Data fetches for NVDA: market closed (outside_hours)
2025-10-30 08:02:09,662Z INFO Trading run completed in 16.7 seconds
2025-10-30 08:02:09,664Z INFO Pipeline warnings=3 client_errors=0 ratio=0.000
2025-10-30 08:20:35,666Z INFO Trading run started for 6 assets
2025-10-30 08:20:35,668Z INFO Skipping Twelve Data fetches for NVDA: market closed (outside_hours)
2025-10-30 08:20:55,607Z INFO Trading run completed in 19.9 seconds
2025-10-30 08:20:55,608Z INFO Pipeline warnings=4 client_errors=0 ratio=0.000
2025-10-30 08:44:30,643Z INFO Trading run started for 6 assets
2025-10-30 08:44:30,646Z INFO Skipping Twelve Data fetches for NVDA: market closed (outside_hours)
2025-10-30 08:44:51,615Z WARNING Attempt returned no data for XAGUSD (exchange=default, interval=1min): error=**symbol** or **figi** parameter is missing or invalid. Please provide a valid symbol according to API documentation: https://twelvedata.com/docs#reference-data (code 404)
2025-10-30 08:44:53,886Z WARNING Attempt returned no data for XAGUSD (exchange=FOREX, interval=1min): error=**symbol** or **figi** parameter is missing or invalid. Please provide a valid symbol according to API documentation: https://twelvedata.com/docs#reference-data (code 404)
2025-10-30 08:44:55,102Z WARNING Attempt returned no data for XAGUSD:FOREX (exchange=default, interval=1min): error=**symbol** or **figi** parameter is missing or invalid. Please provide a valid symbol according to API documentation: https://twelvedata.com/docs#reference-data (code 404)
2025-10-30 08:44:59,386Z INFO Skipping XAGUSD (exchange=default) due to previous client error: **symbol** or **figi** parameter is missing or invalid. Please provide a valid symbol according to API documentation: https://twelvedata.com/docs#reference-data (code 404)
2025-10-30 08:44:59,387Z INFO Skipping XAGUSD (exchange=FOREX) due to previous client error: **symbol** or **figi** parameter is missing or invalid. Please provide a valid symbol according to API documentation: https://twelvedata.com/docs#reference-data (code 404)
2025-10-30 08:44:59,387Z INFO Skipping XAGUSD:FOREX (exchange=default) due to previous client error: **symbol** or **figi** parameter is missing or invalid. Please provide a valid symbol according to API documentation: https://twelvedata.com/docs#reference-data (code 404)
2025-10-30 08:45:03,715Z INFO Trading run completed in 33.1 seconds
2025-10-30 08:45:03,717Z INFO Pipeline warnings=8 client_errors=3 ratio=0.375
2025-10-30 08:57:44,202Z INFO Trading run started for 6 assets
2025-10-30 08:57:44,204Z INFO Skipping Twelve Data fetches for NVDA: market closed (outside_hours)
2025-10-30 08:58:04,039Z WARNING Attempt returned no data for XAGUSD (exchange=default, interval=1min): error=**symbol** or **figi** parameter is missing or invalid. Please provide a valid symbol according to API documentation: https://twelvedata.com/docs#reference-data (code 404)
2025-10-30 08:58:05,336Z WARNING Attempt returned no data for XAGUSD (exchange=FOREX, interval=1min): error=**symbol** or **figi** parameter is missing or invalid. Please provide a valid symbol according to API documentation: https://twelvedata.com/docs#reference-data (code 404)
2025-10-30 08:58:06,566Z WARNING Attempt returned no data for XAGUSD:FOREX (exchange=default, interval=1min): error=**symbol** or **figi** parameter is missing or invalid. Please provide a valid symbol according to API documentation: https://twelvedata.com/docs#reference-data (code 404)
2025-10-30 08:58:11,780Z INFO Skipping XAGUSD (exchange=default) due to previous client error: **symbol** or **figi** parameter is missing or invalid. Please provide a valid symbol according to API documentation: https://twelvedata.com/docs#reference-data (code 404)
2025-10-30 08:58:11,780Z INFO Skipping XAGUSD (exchange=FOREX) due to previous client error: **symbol** or **figi** parameter is missing or invalid. Please provide a valid symbol according to API documentation: https://twelvedata.com/docs#reference-data (code 404)
2025-10-30 08:58:11,780Z INFO Skipping XAGUSD:FOREX (exchange=default) due to previous client error: **symbol** or **figi** parameter is missing or invalid. Please provide a valid symbol according to API documentation: https://twelvedata.com/docs#reference-data (code 404)
2025-10-30 08:58:17,189Z INFO Trading run completed in 33.0 seconds
2025-10-30 08:58:17,191Z INFO Pipeline warnings=12 client_errors=6 ratio=0.500
2025-10-30 09:26:37,282Z INFO Trading run started for 6 assets
2025-10-30 09:26:37,284Z INFO Skipping Twelve Data fetches for NVDA: market closed (outside_hours)
2025-10-30 09:26:45,114Z WARNING Attempt returned no data for XAGUSD (exchange=default, interval=1min): error=**symbol** or **figi** parameter is missing or invalid. Please provide a valid symbol according to API documentation: https://twelvedata.com/docs#reference-data (code 404)
2025-10-30 09:26:51,658Z WARNING Attempt returned no data for XAGUSD (exchange=FOREX, interval=1min): error=**symbol** or **figi** parameter is missing or invalid. Please provide a valid symbol according to API documentation: https://twelvedata.com/docs#reference-data (code 404)
2025-10-30 09:26:52,957Z WARNING Attempt returned no data for XAGUSD:FOREX (exchange=default, interval=1min): error=**symbol** or **figi** parameter is missing or invalid. Please provide a valid symbol according to API documentation: https://twelvedata.com/docs#reference-data (code 404)
2025-10-30 09:27:01,593Z INFO Skipping XAGUSD (exchange=default) due to previous client error: **symbol** or **figi** parameter is missing or invalid. Please provide a valid symbol according to API documentation: https://twelvedata.com/docs#reference-data (code 404)
2025-10-30 09:27:01,593Z INFO Skipping XAGUSD (exchange=FOREX) due to previous client error: **symbol** or **figi** parameter is missing or invalid. Please provide a valid symbol according to API documentation: https://twelvedata.com/docs#reference-data (code 404)
2025-10-30 09:27:01,593Z INFO Skipping XAGUSD:FOREX (exchange=default) due to previous client error: **symbol** or **figi** parameter is missing or invalid. Please provide a valid symbol according to API documentation: https://twelvedata.com/docs#reference-data (code 404)
2025-10-30 09:27:06,941Z INFO Trading run completed in 29.7 seconds
2025-10-30 09:27:06,943Z INFO Pipeline warnings=16 client_errors=9 ratio=0.562
2025-10-30 09:43:41,957Z INFO Trading run started for 6 assets
2025-10-30 09:43:41,959Z INFO Skipping Twelve Data fetches for NVDA: market closed (outside_hours)
2025-10-30 09:43:56,399Z WARNING Attempt returned no data for XAGUSD (exchange=default, interval=1min): error=**symbol** or **figi** parameter is missing or invalid. Please provide a valid symbol according to API documentation: https://twelvedata.com/docs#reference-data (code 404)
2025-10-30 09:44:00,778Z WARNING Attempt returned no data for XAGUSD (exchange=FOREX, interval=1min): error=**symbol** or **figi** parameter is missing or invalid. Please provide a valid symbol according to API documentation: https://twelvedata.com/docs#reference-data (code 404)
2025-10-30 09:44:03,048Z WARNING Attempt returned no data for XAGUSD:FOREX (exchange=default, interval=1min): error=**symbol** or **figi** parameter is missing or invalid. Please provide a valid symbol according to API documentation: https://twelvedata.com/docs#reference-data (code 404)
2025-10-30 09:44:07,485Z INFO Skipping XAGUSD (exchange=default) due to previous client error: **symbol** or **figi** parameter is missing or invalid. Please provide a valid symbol according to API documentation: https://twelvedata.com/docs#reference-data (code 404)
2025-10-30 09:44:07,485Z INFO Skipping XAGUSD (exchange=FOREX) due to previous client error: **symbol** or **figi** parameter is missing or invalid. Please provide a valid symbol according to API documentation: https://twelvedata.com/docs#reference-data (code 404)
2025-10-30 09:44:07,485Z INFO Skipping XAGUSD:FOREX (exchange=default) due to previous client error: **symbol** or **figi** parameter is missing or invalid. Please provide a valid symbol according to API documentation: https://twelvedata.com/docs#reference-data (code 404)
2025-10-30 09:44:11,757Z INFO Trading run completed in 29.8 seconds
2025-10-30 09:44:11,759Z INFO Pipeline warnings=20 client_errors=12 ratio=0.600
2025-10-30 09:53:48,922Z INFO Trading run started for 6 assets
2025-10-30 09:53:48,924Z INFO Skipping Twelve Data fetches for NVDA: market closed (outside_hours)
2025-10-30 09:54:07,734Z WARNING Attempt returned no data for XAGUSD (exchange=default, interval=1min): error=**symbol** or **figi** parameter is missing or invalid. Please provide a valid symbol according to API documentation: https://twelvedata.com/docs#reference-data (code 404)
2025-10-30 09:54:09,030Z WARNING Attempt returned no data for XAGUSD (exchange=FOREX, interval=1min): error=**symbol** or **figi** parameter is missing or invalid. Please provide a valid symbol according to API documentation: https://twelvedata.com/docs#reference-data (code 404)
2025-10-30 09:54:10,245Z WARNING Attempt returned no data for XAGUSD:FOREX (exchange=default, interval=1min): error=**symbol** or **figi** parameter is missing or invalid. Please provide a valid symbol according to API documentation: https://twelvedata.com/docs#reference-data (code 404)
2025-10-30 09:54:14,496Z INFO Skipping XAGUSD (exchange=default) due to previous client error: **symbol** or **figi** parameter is missing or invalid. Please provide a valid symbol according to API documentation: https://twelvedata.com/docs#reference-data (code 404)
2025-10-30 09:54:14,497Z INFO Skipping XAGUSD (exchange=FOREX) due to previous client error: **symbol** or **figi** parameter is missing or invalid. Please provide a valid symbol according to API documentation: https://twelvedata.com/docs#reference-data (code 404)
2025-10-30 09:54:14,497Z INFO Skipping XAGUSD:FOREX (exchange=default) due to previous client error: **symbol** or **figi** parameter is missing or invalid. Please provide a valid symbol according to API documentation: https://twelvedata.com/docs#reference-data (code 404)
2025-10-30 09:54:18,705Z INFO Trading run completed in 29.8 seconds
2025-10-30 09:54:18,707Z INFO Pipeline warnings=24 client_errors=15 ratio=0.625
2025-10-30 10:16:03,171Z INFO Trading run started for 6 assets
2025-10-30 10:16:03,173Z INFO Skipping Twelve Data fetches for NVDA: market closed (outside_hours)
2025-10-30 10:16:08,845Z WARNING Attempt returned no data for XAGUSD (exchange=default, interval=1min): error=**symbol** or **figi** parameter is missing or invalid. Please provide a valid symbol according to API documentation: https://twelvedata.com/docs#reference-data (code 404)
2025-10-30 10:16:10,176Z WARNING Attempt returned no data for XAGUSD (exchange=FOREX, interval=1min): error=**symbol** or **figi** parameter is missing or invalid. Please provide a valid symbol according to API documentation: https://twelvedata.com/docs#reference-data (code 404)
2025-10-30 10:16:19,765Z WARNING Attempt returned no data for XAGUSD:FOREX (exchange=default, interval=1min): error=**symbol** or **figi** parameter is missing or invalid. Please provide a valid symbol according to API documentation: https://twelvedata.com/docs#reference-data (code 404)
2025-10-30 10:16:27,542Z INFO Skipping XAGUSD (exchange=default) due to previous client error: **symbol** or **figi** parameter is missing or invalid. Please provide a valid symbol according to API documentation: https://twelvedata.com/docs#reference-data (code 404)
2025-10-30 10:16:27,542Z INFO Skipping XAGUSD (exchange=FOREX) due to previous client error: **symbol** or **figi** parameter is missing or invalid. Please provide a valid symbol according to API documentation: https://twelvedata.com/docs#reference-data (code 404)
2025-10-30 10:16:27,542Z INFO Skipping XAGUSD:FOREX (exchange=default) due to previous client error: **symbol** or **figi** parameter is missing or invalid. Please provide a valid symbol according to API documentation: https://twelvedata.com/docs#reference-data (code 404)
2025-10-30 10:16:32,868Z INFO Trading run completed in 29.7 seconds
2025-10-30 10:16:32,871Z INFO Pipeline warnings=28 client_errors=18 ratio=0.643
2025-10-30 10:40:54,607Z INFO Trading run started for 6 assets
2025-10-30 10:40:54,609Z INFO Skipping Twelve Data fetches for NVDA: market closed (outside_hours)
2025-10-30 10:41:11,207Z WARNING Attempt returned no data for XAGUSD (exchange=default, interval=1min): error=**symbol** or **figi** parameter is missing or invalid. Please provide a valid symbol according to API documentation: https://twelvedata.com/docs#reference-data (code 404)
2025-10-30 10:41:12,510Z WARNING Attempt returned no data for XAGUSD (exchange=FOREX, interval=1min): error=**symbol** or **figi** parameter is missing or invalid. Please provide a valid symbol according to API documentation: https://twelvedata.com/docs#reference-data (code 404)
2025-10-30 10:41:14,663Z WARNING Attempt returned no data for XAGUSD:FOREX (exchange=default, interval=1min): error=**symbol** or **figi** parameter is missing or invalid. Please provide a valid symbol according to API documentation: https://twelvedata.com/docs#reference-data (code 404)
2025-10-30 10:41:20,088Z INFO Skipping XAGUSD (exchange=default) due to previous client error: **symbol** or **figi** parameter is missing or invalid. Please provide a valid symbol according to API documentation: https://twelvedata.com/docs#reference-data (code 404)
2025-10-30 10:41:20,088Z INFO Skipping XAGUSD (exchange=FOREX) due to previous client error: **symbol** or **figi** parameter is missing or invalid. Please provide a valid symbol according to API documentation: https://twelvedata.com/docs#reference-data (code 404)
2025-10-30 10:41:20,088Z INFO Skipping XAGUSD:FOREX (exchange=default) due to previous client error: **symbol** or **figi** parameter is missing or invalid. Please provide a valid symbol according to API documentation: https://twelvedata.com/docs#reference-data (code 404)
2025-10-30 10:41:24,350Z INFO Trading run completed in 29.7 seconds
2025-10-30 10:41:24,353Z INFO Pipeline warnings=32 client_errors=21 ratio=0.656
2025-10-30 10:53:10,434Z INFO Trading run started for 6 assets
2025-10-30 10:53:10,436Z INFO Skipping Twelve Data fetches for NVDA: market closed (outside_hours)
2025-10-30 10:53:27,014Z WARNING Attempt returned no data for XAGUSD (exchange=default, interval=1min): error=**symbol** or **figi** parameter is missing or invalid. Please provide a valid symbol according to API documentation: https://twelvedata.com/docs#reference-data (code 404)
2025-10-30 10:53:29,292Z WARNING Attempt returned no data for XAGUSD (exchange=FOREX, interval=1min): error=**symbol** or **figi** parameter is missing or invalid. Please provide a valid symbol according to API documentation: https://twelvedata.com/docs#reference-data (code 404)
2025-10-30 10:53:31,471Z WARNING Attempt returned no data for XAGUSD:FOREX (exchange=default, interval=1min): error=**symbol** or **figi** parameter is missing or invalid. Please provide a valid symbol according to API documentation: https://twelvedata.com/docs#reference-data (code 404)
2025-10-30 10:53:35,876Z INFO Skipping XAGUSD (exchange=default) due to previous client error: **symbol** or **figi** parameter is missing or invalid. Please provide a valid symbol according to API documentation: https://twelvedata.com/docs#reference-data (code 404)
2025-10-30 10:53:35,877Z INFO Skipping XAGUSD (exchange=FOREX) due to previous client error: **symbol** or **figi** parameter is missing or invalid. Please provide a valid symbol according to API documentation: https://twelvedata.com/docs#reference-data (code 404)
2025-10-30 10:53:35,877Z INFO Skipping XAGUSD:FOREX (exchange=default) due to previous client error: **symbol** or **figi** parameter is missing or invalid. Please provide a valid symbol according to API documentation: https://twelvedata.com/docs#reference-data (code 404)
2025-10-30 10:53:40,144Z INFO Trading run completed in 29.7 seconds
2025-10-30 10:53:40,146Z INFO Pipeline warnings=36 client_errors=24 ratio=0.667
2025-10-30 11:12:29,055Z INFO Trading run started for 6 assets
2025-10-30 11:12:29,057Z INFO Skipping Twelve Data fetches for NVDA: market closed (outside_hours)
2025-10-30 11:12:45,665Z INFO Trading run completed in 16.6 seconds
2025-10-30 11:12:45,668Z INFO Pipeline warnings=37 client_errors=24 ratio=0.649
2025-10-30 11:28:37,780Z INFO Trading run started for 6 assets
2025-10-30 11:28:37,782Z INFO Skipping Twelve Data fetches for NVDA: market closed (outside_hours)
2025-10-30 11:28:54,408Z INFO Trading run completed in 16.6 seconds
2025-10-30 11:28:54,411Z INFO Pipeline warnings=38 client_errors=24 ratio=0.632
2025-10-30 11:32:14,778Z INFO Trading run started for 6 assets
2025-10-30 11:32:14,780Z INFO Skipping Twelve Data fetches for NVDA: market closed (outside_hours)
2025-10-30 11:32:31,400Z INFO Trading run completed in 16.6 seconds
2025-10-30 11:32:31,403Z INFO Pipeline warnings=39 client_errors=24 ratio=0.615
2025-10-30 11:41:32,241Z INFO Trading run started for 6 assets
2025-10-30 11:41:32,244Z INFO Skipping Twelve Data fetches for NVDA: market closed (outside_hours)
2025-10-30 11:41:52,151Z INFO Trading run completed in 19.9 seconds
2025-10-30 11:41:52,154Z INFO Pipeline warnings=40 client_errors=24 ratio=0.600
2025-10-30 11:52:08,550Z INFO Trading run started for 6 assets
2025-10-30 11:52:08,552Z INFO Skipping Twelve Data fetches for NVDA: market closed (outside_hours)
2025-10-30 11:52:28,539Z INFO Trading run completed in 20.0 seconds
2025-10-30 11:52:28,542Z INFO Pipeline warnings=41 client_errors=24 ratio=0.585
2025-10-30 12:21:17,487Z INFO Trading run started for 6 assets
2025-10-30 12:21:17,490Z INFO Skipping Twelve Data fetches for NVDA: market closed (outside_hours)
2025-10-30 12:21:34,104Z INFO Trading run completed in 16.6 seconds
2025-10-30 12:21:34,107Z INFO Pipeline warnings=42 client_errors=24 ratio=0.571
2025-10-30 13:04:56,056Z INFO Trading run started for 6 assets
2025-10-30 13:04:56,059Z INFO Skipping Twelve Data fetches for NVDA: market closed (outside_hours)
2025-10-30 13:05:08,324Z WARNING Attempt returned no data for XAGUSD (exchange=default, interval=1min): error=**symbol** or **figi** parameter is missing or invalid. Please provide a valid symbol according to API documentation: https://twelvedata.com/docs#reference-data (code 404)
2025-10-30 13:05:10,558Z WARNING Attempt returned no data for XAGUSD (exchange=FOREX, interval=1min): error=**symbol** or **figi** parameter is missing or invalid. Please provide a valid symbol according to API documentation: https://twelvedata.com/docs#reference-data (code 404)
2025-10-30 13:05:11,765Z WARNING Attempt returned no data for XAGUSD:FOREX (exchange=default, interval=1min): error=**symbol** or **figi** parameter is missing or invalid. Please provide a valid symbol according to API documentation: https://twelvedata.com/docs#reference-data (code 404)
2025-10-30 13:05:21,499Z INFO Skipping XAGUSD (exchange=default) due to previous client error: **symbol** or **figi** parameter is missing or invalid. Please provide a valid symbol according to API documentation: https://twelvedata.com/docs#reference-data (code 404)
2025-10-30 13:05:21,499Z INFO Skipping XAGUSD (exchange=FOREX) due to previous client error: **symbol** or **figi** parameter is missing or invalid. Please provide a valid symbol according to API documentation: https://twelvedata.com/docs#reference-data (code 404)
2025-10-30 13:05:21,499Z INFO Skipping XAGUSD:FOREX (exchange=default) due to previous client error: **symbol** or **figi** parameter is missing or invalid. Please provide a valid symbol according to API documentation: https://twelvedata.com/docs#reference-data (code 404)
2025-10-30 13:05:25,757Z INFO Trading run completed in 29.7 seconds
2025-10-30 13:05:25,760Z INFO Pipeline warnings=46 client_errors=27 ratio=0.587
2025-10-30 13:39:11,665Z INFO Trading run started for 6 assets
2025-10-30 13:39:33,726Z WARNING Attempt returned no data for XAGUSD (exchange=default, interval=1min): error=**symbol** or **figi** parameter is missing or invalid. Please provide a valid symbol according to API documentation: https://twelvedata.com/docs#reference-data (code 404)
2025-10-30 13:39:37,011Z WARNING Attempt returned no data for XAGUSD (exchange=FOREX, interval=1min): error=**symbol** or **figi** parameter is missing or invalid. Please provide a valid symbol according to API documentation: https://twelvedata.com/docs#reference-data (code 404)
2025-10-30 13:39:38,300Z WARNING Attempt returned no data for XAGUSD:FOREX (exchange=default, interval=1min): error=**symbol** or **figi** parameter is missing or invalid. Please provide a valid symbol according to API documentation: https://twelvedata.com/docs#reference-data (code 404)
2025-10-30 13:39:42,601Z INFO Skipping XAGUSD (exchange=default) due to previous client error: **symbol** or **figi** parameter is missing or invalid. Please provide a valid symbol according to API documentation: https://twelvedata.com/docs#reference-data (code 404)
2025-10-30 13:39:42,601Z INFO Skipping XAGUSD (exchange=FOREX) due to previous client error: **symbol** or **figi** parameter is missing or invalid. Please provide a valid symbol according to API documentation: https://twelvedata.com/docs#reference-data (code 404)
2025-10-30 13:39:42,602Z INFO Skipping XAGUSD:FOREX (exchange=default) due to previous client error: **symbol** or **figi** parameter is missing or invalid. Please provide a valid symbol according to API documentation: https://twelvedata.com/docs#reference-data (code 404)
2025-10-30 13:39:46,846Z INFO Trading run completed in 35.2 seconds
2025-10-30 13:39:46,850Z INFO Pipeline warnings=50 client_errors=30 ratio=0.600
2025-10-30 13:53:25,506Z INFO Trading run started for 6 assets
2025-10-30 13:53:51,937Z WARNING Attempt returned no data for XAGUSD (exchange=default, interval=5min): error=**symbol** or **figi** parameter is missing or invalid. Please provide a valid symbol according to API documentation: https://twelvedata.com/docs#reference-data (code 404)
2025-10-30 13:53:53,229Z WARNING Attempt returned no data for XAGUSD (exchange=FOREX, interval=5min): error=**symbol** or **figi** parameter is missing or invalid. Please provide a valid symbol according to API documentation: https://twelvedata.com/docs#reference-data (code 404)
2025-10-30 13:53:55,374Z WARNING Attempt returned no data for XAGUSD:FOREX (exchange=default, interval=5min): error=**symbol** or **figi** parameter is missing or invalid. Please provide a valid symbol according to API documentation: https://twelvedata.com/docs#reference-data (code 404)
2025-10-30 13:53:56,576Z WARNING Attempt returned no data for XAGUSD (exchange=default, interval=1min): error=**symbol** or **figi** parameter is missing or invalid. Please provide a valid symbol according to API documentation: https://twelvedata.com/docs#reference-data (code 404)
2025-10-30 13:53:56,877Z INFO Skipping XAGUSD (exchange=FOREX) due to previous client error: **symbol** or **figi** parameter is missing or invalid. Please provide a valid symbol according to API documentation: https://twelvedata.com/docs#reference-data (code 404)
2025-10-30 13:53:56,877Z INFO Skipping XAGUSD:FOREX (exchange=default) due to previous client error: **symbol** or **figi** parameter is missing or invalid. Please provide a valid symbol according to API documentation: https://twelvedata.com/docs#reference-data (code 404)
2025-10-30 13:54:03,001Z INFO Skipping XAGUSD (exchange=default) due to previous client error: **symbol** or **figi** parameter is missing or invalid. Please provide a valid symbol according to API documentation: https://twelvedata.com/docs#reference-data (code 404)
2025-10-30 13:54:14,885Z INFO Trading run completed in 49.4 seconds
2025-10-30 13:54:14,888Z INFO Pipeline warnings=55 client_errors=34 ratio=0.618
2025-10-30 14:14:08,383Z INFO Trading run started for 6 assets
2025-10-30 14:14:20,718Z WARNING Attempt returned no data for XAGUSD (exchange=default, interval=5min): error=**symbol** or **figi** parameter is missing or invalid. Please provide a valid symbol according to API documentation: https://twelvedata.com/docs#reference-data (code 404)
2025-10-30 14:14:21,940Z WARNING Attempt returned no data for XAGUSD (exchange=FOREX, interval=5min): error=**symbol** or **figi** parameter is missing or invalid. Please provide a valid symbol according to API documentation: https://twelvedata.com/docs#reference-data (code 404)
2025-10-30 14:14:23,155Z WARNING Attempt returned no data for XAGUSD:FOREX (exchange=default, interval=5min): error=**symbol** or **figi** parameter is missing or invalid. Please provide a valid symbol according to API documentation: https://twelvedata.com/docs#reference-data (code 404)
2025-10-30 14:14:37,167Z INFO Skipping XAGUSD (exchange=default) due to previous client error: **symbol** or **figi** parameter is missing or invalid. Please provide a valid symbol according to API documentation: https://twelvedata.com/docs#reference-data (code 404)
2025-10-30 14:14:37,167Z INFO Skipping XAGUSD (exchange=FOREX) due to previous client error: **symbol** or **figi** parameter is missing or invalid. Please provide a valid symbol according to API documentation: https://twelvedata.com/docs#reference-data (code 404)
2025-10-30 14:14:37,167Z INFO Skipping XAGUSD:FOREX (exchange=default) due to previous client error: **symbol** or **figi** parameter is missing or invalid. Please provide a valid symbol according to API documentation: https://twelvedata.com/docs#reference-data (code 404)
2025-10-30 14:14:53,380Z INFO Trading run completed in 45.0 seconds
2025-10-30 14:14:53,384Z INFO Pipeline warnings=59 client_errors=37 ratio=0.627
2025-10-30 14:39:21,931Z INFO Trading run started for 6 assets
2025-10-30 14:39:41,769Z WARNING Attempt returned no data for XAGUSD (exchange=default, interval=1min): error=**symbol** or **figi** parameter is missing or invalid. Please provide a valid symbol according to API documentation: https://twelvedata.com/docs#reference-data (code 404)
2025-10-30 14:39:43,071Z WARNING Attempt returned no data for XAGUSD (exchange=FOREX, interval=1min): error=**symbol** or **figi** parameter is missing or invalid. Please provide a valid symbol according to API documentation: https://twelvedata.com/docs#reference-data (code 404)
2025-10-30 14:39:44,282Z WARNING Attempt returned no data for XAGUSD:FOREX (exchange=default, interval=1min): error=**symbol** or **figi** parameter is missing or invalid. Please provide a valid symbol according to API documentation: https://twelvedata.com/docs#reference-data (code 404)
2025-10-30 14:39:47,487Z INFO Skipping XAGUSD (exchange=default) due to previous client error: **symbol** or **figi** parameter is missing or invalid. Please provide a valid symbol according to API documentation: https://twelvedata.com/docs#reference-data (code 404)
2025-10-30 14:39:47,487Z INFO Skipping XAGUSD (exchange=FOREX) due to previous client error: **symbol** or **figi** parameter is missing or invalid. Please provide a valid symbol according to API documentation: https://twelvedata.com/docs#reference-data (code 404)
2025-10-30 14:39:47,487Z INFO Skipping XAGUSD:FOREX (exchange=default) due to previous client error: **symbol** or **figi** parameter is missing or invalid. Please provide a valid symbol according to API documentation: https://twelvedata.com/docs#reference-data (code 404)
2025-10-30 14:40:10,254Z INFO Trading run completed in 48.3 seconds
2025-10-30 14:40:10,257Z INFO Pipeline warnings=63 client_errors=40 ratio=0.635
2025-10-30 14:53:12,349Z INFO Trading run started for 6 assets
2025-10-30 14:53:30,032Z WARNING Attempt returned no data for XAGUSD (exchange=default, interval=1min): error=**symbol** or **figi** parameter is missing or invalid. Please provide a valid symbol according to API documentation: https://twelvedata.com/docs#reference-data (code 404)
2025-10-30 14:53:33,439Z INFO Skipping XAGUSD (exchange=default) due to previous client error: **symbol** or **figi** parameter is missing or invalid. Please provide a valid symbol according to API documentation: https://twelvedata.com/docs#reference-data (code 404)
2025-10-30 14:53:35,543Z WARNING Attempt returned no data for XAGUSD (exchange=FOREX, interval=5min): error=**symbol** or **figi** parameter is missing or invalid. Please provide a valid symbol according to API documentation: https://twelvedata.com/docs#reference-data (code 404)
2025-10-30 14:53:39,846Z WARNING Attempt returned no data for XAGUSD:FOREX (exchange=default, interval=5min): error=**symbol** or **figi** parameter is missing or invalid. Please provide a valid symbol according to API documentation: https://twelvedata.com/docs#reference-data (code 404)
2025-10-30 14:53:43,221Z WARNING Attempt returned no data for XAGUSD (exchange=FOREX, interval=1min): error=**symbol** or **figi** parameter is missing or invalid. Please provide a valid symbol according to API documentation: https://twelvedata.com/docs#reference-data (code 404)
2025-10-30 14:53:43,416Z INFO Skipping XAGUSD:FOREX (exchange=default) due to previous client error: **symbol** or **figi** parameter is missing or invalid. Please provide a valid symbol according to API documentation: https://twelvedata.com/docs#reference-data (code 404)
2025-10-30 14:53:47,630Z INFO Skipping XAGUSD (exchange=FOREX) due to previous client error: **symbol** or **figi** parameter is missing or invalid. Please provide a valid symbol according to API documentation: https://twelvedata.com/docs#reference-data (code 404)
2025-10-30 14:53:58,429Z INFO Trading run completed in 46.1 seconds
2025-10-30 14:53:58,432Z INFO Pipeline warnings=68 client_errors=44 ratio=0.647
2025-10-30 15:14:51,587Z INFO Trading run started for 6 assets
2025-10-30 15:15:12,535Z WARNING Attempt returned no data for XAGUSD (exchange=default, interval=5min): error=**symbol** or **figi** parameter is missing or invalid. Please provide a valid symbol according to API documentation: https://twelvedata.com/docs#reference-data (code 404)
2025-10-30 15:15:16,896Z WARNING Attempt returned no data for XAGUSD (exchange=default, interval=1min): error=**symbol** or **figi** parameter is missing or invalid. Please provide a valid symbol according to API documentation: https://twelvedata.com/docs#reference-data (code 404)
2025-10-30 15:15:19,474Z WARNING Attempt returned no data for XAGUSD (exchange=FOREX, interval=1min): error=**symbol** or **figi** parameter is missing or invalid. Please provide a valid symbol according to API documentation: https://twelvedata.com/docs#reference-data (code 404)
2025-10-30 15:15:20,369Z WARNING Attempt returned no data for XAGUSD (exchange=FOREX, interval=5min): error=**symbol** or **figi** parameter is missing or invalid. Please provide a valid symbol according to API documentation: https://twelvedata.com/docs#reference-data (code 404)
2025-10-30 15:15:21,580Z WARNING Attempt returned no data for XAGUSD:FOREX (exchange=default, interval=5min): error=**symbol** or **figi** parameter is missing or invalid. Please provide a valid symbol according to API documentation: https://twelvedata.com/docs#reference-data (code 404)
2025-10-30 15:15:23,714Z WARNING Attempt returned no data for XAGUSD:FOREX (exchange=default, interval=1min): error=**symbol** or **figi** parameter is missing or invalid. Please provide a valid symbol according to API documentation: https://twelvedata.com/docs#reference-data (code 404)
2025-10-30 15:15:29,000Z INFO Skipping XAGUSD (exchange=default) due to previous client error: **symbol** or **figi** parameter is missing or invalid. Please provide a valid symbol according to API documentation: https://twelvedata.com/docs#reference-data (code 404)
2025-10-30 15:15:29,000Z INFO Skipping XAGUSD (exchange=FOREX) due to previous client error: **symbol** or **figi** parameter is missing or invalid. Please provide a valid symbol according to API documentation: https://twelvedata.com/docs#reference-data (code 404)
2025-10-30 15:15:29,000Z INFO Skipping XAGUSD:FOREX (exchange=default) due to previous client error: **symbol** or **figi** parameter is missing or invalid. Please provide a valid symbol according to API documentation: https://twelvedata.com/docs#reference-data (code 404)
2025-10-30 15:15:39,809Z INFO Trading run completed in 48.2 seconds
2025-10-30 15:15:39,813Z INFO Pipeline warnings=75 client_errors=50 ratio=0.667
2025-10-30 15:38:16,106Z INFO Trading run started for 6 assets
2025-10-30 15:38:39,287Z WARNING Attempt returned no data for XAGUSD (exchange=default, interval=5min): error=**symbol** or **figi** parameter is missing or invalid. Please provide a valid symbol according to API documentation: https://twelvedata.com/docs#reference-data (code 404)
2025-10-30 15:38:40,592Z WARNING Attempt returned no data for XAGUSD (exchange=FOREX, interval=5min): error=**symbol** or **figi** parameter is missing or invalid. Please provide a valid symbol according to API documentation: https://twelvedata.com/docs#reference-data (code 404)
2025-10-30 15:38:41,817Z WARNING Attempt returned no data for XAGUSD (exchange=default, interval=1min): error=**symbol** or **figi** parameter is missing or invalid. Please provide a valid symbol according to API documentation: https://twelvedata.com/docs#reference-data (code 404)
2025-10-30 15:38:42,147Z INFO Skipping XAGUSD (exchange=FOREX) due to previous client error: **symbol** or **figi** parameter is missing or invalid. Please provide a valid symbol according to API documentation: https://twelvedata.com/docs#reference-data (code 404)
2025-10-30 15:38:43,034Z WARNING Attempt returned no data for XAGUSD:FOREX (exchange=default, interval=1min): error=**symbol** or **figi** parameter is missing or invalid. Please provide a valid symbol according to API documentation: https://twelvedata.com/docs#reference-data (code 404)
2025-10-30 15:38:48,042Z WARNING Attempt returned no data for XAGUSD:FOREX (exchange=default, interval=5min): error=**symbol** or **figi** parameter is missing or invalid. Please provide a valid symbol according to API documentation: https://twelvedata.com/docs#reference-data (code 404)
2025-10-30 15:38:49,518Z INFO Skipping XAGUSD (exchange=default) due to previous client error: **symbol** or **figi** parameter is missing or invalid. Please provide a valid symbol according to API documentation: https://twelvedata.com/docs#reference-data (code 404)
2025-10-30 15:38:49,519Z INFO Skipping XAGUSD:FOREX (exchange=default) due to previous client error: **symbol** or **figi** parameter is missing or invalid. Please provide a valid symbol according to API documentation: https://twelvedata.com/docs#reference-data (code 404)
2025-10-30 15:39:03,423Z INFO Trading run completed in 47.3 seconds
2025-10-30 15:39:03,428Z INFO Pipeline warnings=81 client_errors=55 ratio=0.679
2025-10-30 15:51:42,420Z INFO Trading run started for 6 assets
2025-10-30 15:52:01,240Z WARNING Attempt returned no data for XAGUSD (exchange=default, interval=5min): error=**symbol** or **figi** parameter is missing or invalid. Please provide a valid symbol according to API documentation: https://twelvedata.com/docs#reference-data (code 404)
2025-10-30 15:52:05,610Z WARNING Attempt returned no data for XAGUSD (exchange=FOREX, interval=5min): error=**symbol** or **figi** parameter is missing or invalid. Please provide a valid symbol according to API documentation: https://twelvedata.com/docs#reference-data (code 404)
2025-10-30 15:52:06,845Z WARNING Attempt returned no data for XAGUSD:FOREX (exchange=default, interval=5min): error=**symbol** or **figi** parameter is missing or invalid. Please provide a valid symbol according to API documentation: https://twelvedata.com/docs#reference-data (code 404)
2025-10-30 15:52:08,297Z INFO Skipping XAGUSD (exchange=default) due to previous client error: **symbol** or **figi** parameter is missing or invalid. Please provide a valid symbol according to API documentation: https://twelvedata.com/docs#reference-data (code 404)
2025-10-30 15:52:08,297Z INFO Skipping XAGUSD (exchange=FOREX) due to previous client error: **symbol** or **figi** parameter is missing or invalid. Please provide a valid symbol according to API documentation: https://twelvedata.com/docs#reference-data (code 404)
2025-10-30 15:52:08,297Z INFO Skipping XAGUSD:FOREX (exchange=default) due to previous client error: **symbol** or **figi** parameter is missing or invalid. Please provide a valid symbol according to API documentation: https://twelvedata.com/docs#reference-data (code 404)
2025-10-30 15:52:27,396Z INFO Trading run completed in 45.0 seconds
2025-10-30 15:52:27,401Z INFO Pipeline warnings=85 client_errors=58 ratio=0.682
